<?xml version="1.0" encoding="UTF-8"?>
<testng-results skipped="0" failed="0" ignored="0" total="1" passed="1">
  <reporter-output>
  </reporter-output>
  <suite name="Suite" duration-ms="16615" started-at="2019-12-01T21:36:42 IST" finished-at="2019-12-01T21:36:59 IST">
    <groups>
    </groups>
    <test name="Test" duration-ms="16615" started-at="2019-12-01T21:36:42 IST" finished-at="2019-12-01T21:36:59 IST">
      <class name="MySeleniumSessionClasses_October2019.MySeleniumSessionClasses_October2019.NewTest">
        <test-method status="PASS" signature="beforeTest()[pri:0, instance:MySeleniumSessionClasses_October2019.MySeleniumSessionClasses_October2019.NewTest@45f45fa1]" name="beforeTest" is-config="true" duration-ms="7061" started-at="2019-12-01T21:36:42 IST" finished-at="2019-12-01T21:36:49 IST">
          <reporter-output>
          </reporter-output>
        </test-method> <!-- beforeTest -->
        <test-method status="PASS" signature="testeasy()[pri:0, instance:MySeleniumSessionClasses_October2019.MySeleniumSessionClasses_October2019.NewTest@45f45fa1]" name="testeasy" duration-ms="8469" started-at="2019-12-01T21:36:49 IST" finished-at="2019-12-01T21:36:58 IST">
          <reporter-output>
          </reporter-output>
        </test-method> <!-- testeasy -->
        <test-method status="PASS" signature="afterTest()[pri:0, instance:MySeleniumSessionClasses_October2019.MySeleniumSessionClasses_October2019.NewTest@45f45fa1]" name="afterTest" is-config="true" duration-ms="1018" started-at="2019-12-01T21:36:58 IST" finished-at="2019-12-01T21:36:59 IST">
          <reporter-output>
          </reporter-output>
        </test-method> <!-- afterTest -->
      </class> <!-- MySeleniumSessionClasses_October2019.MySeleniumSessionClasses_October2019.NewTest -->
    </test> <!-- Test -->
  </suite> <!-- Suite -->
</testng-results>
