<?xml version="1.0" encoding="UTF-8"?>
<testng-results skipped="0" failed="0" ignored="0" total="1" passed="1">
  <reporter-output>
  </reporter-output>
  <suite name="Suite" duration-ms="16729" started-at="2019-12-01T21:31:17 IST" finished-at="2019-12-01T21:31:34 IST">
    <groups>
    </groups>
    <test name="Test" duration-ms="16729" started-at="2019-12-01T21:31:17 IST" finished-at="2019-12-01T21:31:34 IST">
      <class name="MySeleniumSessionClasses_October2019.MySeleniumSessionClasses_October2019.NewTest">
        <test-method status="PASS" signature="beforeTest()[pri:0, instance:MySeleniumSessionClasses_October2019.MySeleniumSessionClasses_October2019.NewTest@33afa13b]" name="beforeTest" is-config="true" duration-ms="7100" started-at="2019-12-01T21:31:17 IST" finished-at="2019-12-01T21:31:24 IST">
          <reporter-output>
          </reporter-output>
        </test-method> <!-- beforeTest -->
        <test-method status="PASS" signature="testeasy()[pri:0, instance:MySeleniumSessionClasses_October2019.MySeleniumSessionClasses_October2019.NewTest@33afa13b]" name="testeasy" duration-ms="8177" started-at="2019-12-01T21:31:24 IST" finished-at="2019-12-01T21:31:32 IST">
          <reporter-output>
          </reporter-output>
        </test-method> <!-- testeasy -->
        <test-method status="PASS" signature="afterTest()[pri:0, instance:MySeleniumSessionClasses_October2019.MySeleniumSessionClasses_October2019.NewTest@33afa13b]" name="afterTest" is-config="true" duration-ms="1373" started-at="2019-12-01T21:31:32 IST" finished-at="2019-12-01T21:31:34 IST">
          <reporter-output>
          </reporter-output>
        </test-method> <!-- afterTest -->
      </class> <!-- MySeleniumSessionClasses_October2019.MySeleniumSessionClasses_October2019.NewTest -->
    </test> <!-- Test -->
  </suite> <!-- Suite -->
</testng-results>
